<?xml version="1.0" encoding="UTF-8"?>
<!-- Generated by org.testng.reporters.JUnitXMLReporter -->
<testsuite hostname="CSCINDAE684841" ignored="4" name="Test5" tests="3" failures="0" timestamp="26 Jul 2017 10:26:14 GMT" time="80.167" errors="0">
  <testcase name="FB" time="62.262" classname="tests.TC6_GR_FB_Account2"/>
  <testcase name="google_signup" time="3.607" classname="tests.TC1_Google_SignUp"/>
  <testcase name="FB" time="80.044" classname="tests.TC1_GR_FB_Account"/>
  <testcase name="@AfterSuite closeDriverObjects" time="0.0" classname="projectFactory.DriverFactory">
    <ignored/>
  </testcase> <!-- @AfterSuite closeDriverObjects -->
  <testcase name="@AfterSuite closeDriverObjects" time="0.0" classname="projectFactory.DriverFactory">
    <ignored/>
  </testcase> <!-- @AfterSuite closeDriverObjects -->
  <testcase name="@BeforeSuite instantiateDriverObject" time="0.0" classname="projectFactory.DriverFactory">
    <ignored/>
  </testcase> <!-- @BeforeSuite instantiateDriverObject -->
  <testcase name="@BeforeSuite instantiateDriverObject" time="0.0" classname="projectFactory.DriverFactory">
    <ignored/>
  </testcase> <!-- @BeforeSuite instantiateDriverObject -->
</testsuite> <!-- Test5 -->
