<?xml version="1.0" encoding="UTF-8"?>
<!-- Generated by org.testng.reporters.JUnitXMLReporter -->
<testsuite hostname="DESKTOP-DAP7KSU" ignored="2" name="Test4" tests="2" failures="0" timestamp="25 Jul 2017 02:51:17 GMT" time="13.599" errors="0">
  <testcase name="FB" time="8.878" classname="tests.TC1_GR_FB_Account"/>
  <testcase name="FB" time="2.52" classname="tests.TC5_GR_FB_Account2"/>
  <testcase name="@AfterSuite closeDriverObjects" time="0.0" classname="projectFactory.DriverFactory">
    <ignored/>
  </testcase> <!-- @AfterSuite closeDriverObjects -->
  <testcase name="@BeforeSuite instantiateDriverObject" time="0.0" classname="projectFactory.DriverFactory">
    <ignored/>
  </testcase> <!-- @BeforeSuite instantiateDriverObject -->
</testsuite> <!-- Test4 -->
