<?xml version="1.0" encoding="UTF-8"?>
<testng-results skipped="0" failed="0" ignored="0" total="1" passed="1">
  <reporter-output>
  </reporter-output>
  <suite name="Suite" duration-ms="64156" started-at="2017-08-02T12:34:39Z" finished-at="2017-08-02T12:35:43Z">
    <groups>
    </groups>
    <test name="Test1" duration-ms="64156" started-at="2017-08-02T12:34:39Z" finished-at="2017-08-02T12:35:43Z">
      <class name="tests.GR_Hover_Test">
        <test-method status="PASS" signature="instantiateDriverObject()[pri:0, instance:tests.GR_Hover_Test@67b467e9]" name="instantiateDriverObject" is-config="true" duration-ms="31" started-at="2017-08-02T18:04:39Z" finished-at="2017-08-02T18:04:39Z">
          <reporter-output>
          </reporter-output>
        </test-method> <!-- instantiateDriverObject -->
        <test-method status="PASS" signature="remotewebdriver(java.lang.String, java.lang.String)[pri:0, instance:tests.GR_Hover_Test@67b467e9]" name="remotewebdriver" is-config="true" duration-ms="47" started-at="2017-08-02T18:04:39Z" finished-at="2017-08-02T18:04:39Z">
          <params>
            <param index="0">
              <value>
                <![CDATA[CHROME]]>
              </value>
            </param>
            <param index="1">
              <value>
                <![CDATA[]]>
              </value>
            </param>
          </params>
          <reporter-output>
          </reporter-output>
        </test-method> <!-- remotewebdriver -->
        <test-method status="PASS" signature="hover()[pri:0, instance:tests.GR_Hover_Test@67b467e9]" name="hover" duration-ms="59854" started-at="2017-08-02T18:04:39Z" finished-at="2017-08-02T18:05:39Z">
          <reporter-output>
          </reporter-output>
        </test-method> <!-- hover -->
        <test-method status="PASS" signature="clearCookies()[pri:0, instance:tests.GR_Hover_Test@67b467e9]" name="clearCookies" is-config="true" duration-ms="4184" started-at="2017-08-02T18:05:39Z" finished-at="2017-08-02T18:05:43Z">
          <reporter-output>
          </reporter-output>
        </test-method> <!-- clearCookies -->
        <test-method status="PASS" signature="closeDriverObjects()[pri:0, instance:tests.GR_Hover_Test@67b467e9]" name="closeDriverObjects" is-config="true" duration-ms="440" started-at="2017-08-02T18:05:44Z" finished-at="2017-08-02T18:05:44Z">
          <reporter-output>
          </reporter-output>
        </test-method> <!-- closeDriverObjects -->
      </class> <!-- tests.GR_Hover_Test -->
    </test> <!-- Test1 -->
  </suite> <!-- Suite -->
</testng-results>
